0 info it worked if it ends with ok
1 verbose cli [ 'node',
1 verbose cli   '/usr/local/bin/npm',
1 verbose cli   'install',
1 verbose cli   'grunt-uglify',
1 verbose cli   '--save-dev' ]
2 info using npm@2.0.0
3 info using node@v0.10.30
4 verbose node symlink /usr/local/bin/node
5 warn package.json gazellis-keys-pledge@0.0.0 No repository field.
6 warn package.json gazellis-keys-pledge@0.0.0 No README data
7 verbose readDependencies using package.json deps
8 verbose cache add [ 'grunt-uglify', null ]
9 verbose cache add spec="grunt-uglify" args=["grunt-uglify",null]
10 verbose parsed spec { raw: 'grunt-uglify',
10 verbose parsed spec   scope: null,
10 verbose parsed spec   name: 'grunt-uglify',
10 verbose parsed spec   rawSpec: '',
10 verbose parsed spec   spec: '*',
10 verbose parsed spec   type: 'range' }
11 verbose parsed spec { raw: 'grunt-uglify',
11 verbose parsed spec   scope: null,
11 verbose parsed spec   name: 'grunt-uglify',
11 verbose parsed spec   rawSpec: '',
11 verbose parsed spec   spec: '*',
11 verbose parsed spec   type: 'range' }
12 verbose addNamed [ 'grunt-uglify', '*' ]
13 verbose addNamed [ null, '*' ]
14 silly lockFile 3434fe4d-grunt-uglify grunt-uglify@*
15 verbose lock grunt-uglify@* /Users/adorman/.npm/3434fe4d-grunt-uglify.lock
16 silly addNameRange { name: 'grunt-uglify', range: '*', hasData: false }
17 verbose mapToRegistry name grunt-uglify
18 verbose mapToRegistry uri https://registry.npmjs.org/grunt-uglify
19 verbose request on initialization, where is /grunt-uglify
20 verbose request after pass 1, where is /grunt-uglify
21 verbose request url raw /grunt-uglify
22 verbose request resolving registry [ 'https://registry.npmjs.org/', './grunt-uglify' ]
23 verbose request after pass 2, where is https://registry.npmjs.org/grunt-uglify
24 verbose request no auth needed
25 info attempt registry request try #1 at 10:13:08
26 verbose request id 5acaa2ea5812a742
27 http request GET https://registry.npmjs.org/grunt-uglify
28 http 404 https://registry.npmjs.org/grunt-uglify
29 verbose headers { date: 'Tue, 23 Sep 2014 09:13:09 GMT',
29 verbose headers   server: 'CouchDB/1.5.0 (Erlang OTP/R16B03)',
29 verbose headers   'content-type': 'application/json',
29 verbose headers   'cache-control': 'max-age=0',
29 verbose headers   'content-length': '52',
29 verbose headers   'accept-ranges': 'bytes',
29 verbose headers   via: '1.1 varnish',
29 verbose headers   age: '0',
29 verbose headers   'x-served-by': 'cache-lo80-LHR',
29 verbose headers   'x-cache': 'MISS',
29 verbose headers   'x-cache-hits': '0',
29 verbose headers   'x-timer': 'S1411463589.267539,VS0,VE163',
29 verbose headers   'keep-alive': 'timeout=10, max=50',
29 verbose headers   connection: 'Keep-Alive' }
30 silly registry.get cb [ 404,
30 silly registry.get   { date: 'Tue, 23 Sep 2014 09:13:09 GMT',
30 silly registry.get     server: 'CouchDB/1.5.0 (Erlang OTP/R16B03)',
30 silly registry.get     'content-type': 'application/json',
30 silly registry.get     'cache-control': 'max-age=0',
30 silly registry.get     'content-length': '52',
30 silly registry.get     'accept-ranges': 'bytes',
30 silly registry.get     via: '1.1 varnish',
30 silly registry.get     age: '0',
30 silly registry.get     'x-served-by': 'cache-lo80-LHR',
30 silly registry.get     'x-cache': 'MISS',
30 silly registry.get     'x-cache-hits': '0',
30 silly registry.get     'x-timer': 'S1411463589.267539,VS0,VE163',
30 silly registry.get     'keep-alive': 'timeout=10, max=50',
30 silly registry.get     connection: 'Keep-Alive' } ]
31 silly lockFile 3434fe4d-grunt-uglify grunt-uglify@*
32 silly lockFile 3434fe4d-grunt-uglify grunt-uglify@*
33 verbose stack Error: 404 Not Found: grunt-uglify
33 verbose stack     at RegClient.<anonymous> (/usr/local/lib/node_modules/npm/node_modules/npm-registry-client/lib/request.js:259:14)
33 verbose stack     at Request._callback (/usr/local/lib/node_modules/npm/node_modules/npm-registry-client/lib/request.js:198:65)
33 verbose stack     at Request.self.callback (/usr/local/lib/node_modules/npm/node_modules/request/request.js:236:22)
33 verbose stack     at Request.emit (events.js:98:17)
33 verbose stack     at Request.<anonymous> (/usr/local/lib/node_modules/npm/node_modules/request/request.js:1142:14)
33 verbose stack     at Request.emit (events.js:117:20)
33 verbose stack     at IncomingMessage.<anonymous> (/usr/local/lib/node_modules/npm/node_modules/request/request.js:1096:12)
33 verbose stack     at IncomingMessage.emit (events.js:117:20)
33 verbose stack     at _stream_readable.js:938:16
33 verbose stack     at process._tickCallback (node.js:419:13)
34 verbose statusCode 404
35 verbose pkgid grunt-uglify
36 verbose cwd /Users/adorman/Sites/keys
37 error Darwin 13.3.0
38 error argv "node" "/usr/local/bin/npm" "install" "grunt-uglify" "--save-dev"
39 error node v0.10.30
40 error npm  v2.0.0
41 error code E404
42 error 404 Not Found: grunt-uglify
42 error 404
42 error 404 'grunt-uglify' is not in the npm registry.
42 error 404 You should bug the author to publish it (or use the name yourself!)
42 error 404 It was specified as a dependency of 'gazellis-keys-pledge'
42 error 404
42 error 404 Note that you can also install from a
42 error 404 tarball, folder, http url, or git url.
43 verbose exit [ 1, true ]
